<?xml version="1.0" encoding="UTF-8"?>
<testsuite xmlns:xsi="http://www.w3.org/2001/XMLSchema-instance" xsi:noNamespaceSchemaLocation="https://maven.apache.org/surefire/maven-surefire-plugin/xsd/surefire-test-report.xsd" name="com.nshenoy.springboot.AppTest" time="0.07" tests="1" errors="0" skipped="0" failures="0">
  <properties>
    <property name="sun.desktop" value="windows"/>
    <property name="awt.toolkit" value="sun.awt.windows.WToolkit"/>
    <property name="file.encoding.pkg" value="sun.io"/>
    <property name="java.specification.version" value="1.8"/>
    <property name="sun.cpu.isalist" value="amd64"/>
    <property name="sun.jnu.encoding" value="Cp1252"/>
    <property name="java.class.path" value="C:\Users\nashenoy\Projects\Spring Boot\trial-api\target\test-classes;C:\Users\nashenoy\Projects\Spring Boot\trial-api\target\classes;C:\Users\nashenoy\.m2\repository\org\springframework\boot\spring-boot-starter-web\1.4.0.RELEASE\spring-boot-starter-web-1.4.0.RELEASE.jar;C:\Users\nashenoy\.m2\repository\org\springframework\boot\spring-boot-starter\1.4.0.RELEASE\spring-boot-starter-1.4.0.RELEASE.jar;C:\Users\nashenoy\.m2\repository\org\springframework\boot\spring-boot\1.4.0.RELEASE\spring-boot-1.4.0.RELEASE.jar;C:\Users\nashenoy\.m2\repository\org\springframework\boot\spring-boot-autoconfigure\1.4.0.RELEASE\spring-boot-autoconfigure-1.4.0.RELEASE.jar;C:\Users\nashenoy\.m2\repository\org\springframework\boot\spring-boot-starter-logging\1.4.0.RELEASE\spring-boot-starter-logging-1.4.0.RELEASE.jar;C:\Users\nashenoy\.m2\repository\ch\qos\logback\logback-classic\1.1.7\logback-classic-1.1.7.jar;C:\Users\nashenoy\.m2\repository\ch\qos\logback\logback-core\1.1.7\logback-core-1.1.7.jar;C:\Users\nashenoy\.m2\repository\org\slf4j\jul-to-slf4j\1.7.21\jul-to-slf4j-1.7.21.jar;C:\Users\nashenoy\.m2\repository\org\slf4j\log4j-over-slf4j\1.7.21\log4j-over-slf4j-1.7.21.jar;C:\Users\nashenoy\.m2\repository\org\yaml\snakeyaml\1.17\snakeyaml-1.17.jar;C:\Users\nashenoy\.m2\repository\org\springframework\boot\spring-boot-starter-tomcat\1.4.0.RELEASE\spring-boot-starter-tomcat-1.4.0.RELEASE.jar;C:\Users\nashenoy\.m2\repository\org\apache\tomcat\embed\tomcat-embed-core\8.5.4\tomcat-embed-core-8.5.4.jar;C:\Users\nashenoy\.m2\repository\org\apache\tomcat\embed\tomcat-embed-el\8.5.4\tomcat-embed-el-8.5.4.jar;C:\Users\nashenoy\.m2\repository\org\apache\tomcat\embed\tomcat-embed-websocket\8.5.4\tomcat-embed-websocket-8.5.4.jar;C:\Users\nashenoy\.m2\repository\org\hibernate\hibernate-validator\5.2.4.Final\hibernate-validator-5.2.4.Final.jar;C:\Users\nashenoy\.m2\repository\javax\validation\validation-api\1.1.0.Final\validation-api-1.1.0.Final.jar;C:\Users\nashenoy\.m2\repository\org\jboss\logging\jboss-logging\3.3.0.Final\jboss-logging-3.3.0.Final.jar;C:\Users\nashenoy\.m2\repository\com\fasterxml\classmate\1.3.1\classmate-1.3.1.jar;C:\Users\nashenoy\.m2\repository\com\fasterxml\jackson\core\jackson-databind\2.8.1\jackson-databind-2.8.1.jar;C:\Users\nashenoy\.m2\repository\com\fasterxml\jackson\core\jackson-annotations\2.8.1\jackson-annotations-2.8.1.jar;C:\Users\nashenoy\.m2\repository\com\fasterxml\jackson\core\jackson-core\2.8.1\jackson-core-2.8.1.jar;C:\Users\nashenoy\.m2\repository\org\springframework\spring-web\4.3.2.RELEASE\spring-web-4.3.2.RELEASE.jar;C:\Users\nashenoy\.m2\repository\org\springframework\spring-aop\4.3.2.RELEASE\spring-aop-4.3.2.RELEASE.jar;C:\Users\nashenoy\.m2\repository\org\springframework\spring-beans\4.3.2.RELEASE\spring-beans-4.3.2.RELEASE.jar;C:\Users\nashenoy\.m2\repository\org\springframework\spring-context\4.3.2.RELEASE\spring-context-4.3.2.RELEASE.jar;C:\Users\nashenoy\.m2\repository\org\springframework\spring-webmvc\4.3.2.RELEASE\spring-webmvc-4.3.2.RELEASE.jar;C:\Users\nashenoy\.m2\repository\org\springframework\spring-expression\4.3.2.RELEASE\spring-expression-4.3.2.RELEASE.jar;C:\Users\nashenoy\.m2\repository\org\springframework\boot\spring-boot-starter-data-jpa\1.4.0.RELEASE\spring-boot-starter-data-jpa-1.4.0.RELEASE.jar;C:\Users\nashenoy\.m2\repository\org\springframework\boot\spring-boot-starter-aop\1.4.0.RELEASE\spring-boot-starter-aop-1.4.0.RELEASE.jar;C:\Users\nashenoy\.m2\repository\org\aspectj\aspectjweaver\1.8.9\aspectjweaver-1.8.9.jar;C:\Users\nashenoy\.m2\repository\org\springframework\boot\spring-boot-starter-jdbc\1.4.0.RELEASE\spring-boot-starter-jdbc-1.4.0.RELEASE.jar;C:\Users\nashenoy\.m2\repository\org\apache\tomcat\tomcat-jdbc\8.5.4\tomcat-jdbc-8.5.4.jar;C:\Users\nashenoy\.m2\repository\org\apache\tomcat\tomcat-juli\8.5.4\tomcat-juli-8.5.4.jar;C:\Users\nashenoy\.m2\repository\org\springframework\spring-jdbc\4.3.2.RELEASE\spring-jdbc-4.3.2.RELEASE.jar;C:\Users\nashenoy\.m2\repository\org\hibernate\hibernate-core\5.0.9.Final\hibernate-core-5.0.9.Final.jar;C:\Users\nashenoy\.m2\repository\org\hibernate\javax\persistence\hibernate-jpa-2.1-api\1.0.0.Final\hibernate-jpa-2.1-api-1.0.0.Final.jar;C:\Users\nashenoy\.m2\repository\org\javassist\javassist\3.20.0-GA\javassist-3.20.0-GA.jar;C:\Users\nashenoy\.m2\repository\antlr\antlr\2.7.7\antlr-2.7.7.jar;C:\Users\nashenoy\.m2\repository\org\jboss\jandex\2.0.0.Final\jandex-2.0.0.Final.jar;C:\Users\nashenoy\.m2\repository\dom4j\dom4j\1.6.1\dom4j-1.6.1.jar;C:\Users\nashenoy\.m2\repository\xml-apis\xml-apis\1.4.01\xml-apis-1.4.01.jar;C:\Users\nashenoy\.m2\repository\org\hibernate\common\hibernate-commons-annotations\5.0.1.Final\hibernate-commons-annotations-5.0.1.Final.jar;C:\Users\nashenoy\.m2\repository\org\hibernate\hibernate-entitymanager\5.0.9.Final\hibernate-entitymanager-5.0.9.Final.jar;C:\Users\nashenoy\.m2\repository\javax\transaction\javax.transaction-api\1.2\javax.transaction-api-1.2.jar;C:\Users\nashenoy\.m2\repository\org\springframework\data\spring-data-jpa\1.10.2.RELEASE\spring-data-jpa-1.10.2.RELEASE.jar;C:\Users\nashenoy\.m2\repository\org\springframework\data\spring-data-commons\1.12.2.RELEASE\spring-data-commons-1.12.2.RELEASE.jar;C:\Users\nashenoy\.m2\repository\org\springframework\spring-orm\4.3.2.RELEASE\spring-orm-4.3.2.RELEASE.jar;C:\Users\nashenoy\.m2\repository\org\springframework\spring-tx\4.3.2.RELEASE\spring-tx-4.3.2.RELEASE.jar;C:\Users\nashenoy\.m2\repository\org\slf4j\slf4j-api\1.7.21\slf4j-api-1.7.21.jar;C:\Users\nashenoy\.m2\repository\org\slf4j\jcl-over-slf4j\1.7.21\jcl-over-slf4j-1.7.21.jar;C:\Users\nashenoy\.m2\repository\org\springframework\spring-aspects\4.3.2.RELEASE\spring-aspects-4.3.2.RELEASE.jar;C:\Users\nashenoy\.m2\repository\org\apache\derby\derby\10.12.1.1\derby-10.12.1.1.jar;C:\Users\nashenoy\.m2\repository\org\springframework\boot\spring-boot-starter-test\1.4.0.RELEASE\spring-boot-starter-test-1.4.0.RELEASE.jar;C:\Users\nashenoy\.m2\repository\org\springframework\boot\spring-boot-test\1.4.0.RELEASE\spring-boot-test-1.4.0.RELEASE.jar;C:\Users\nashenoy\.m2\repository\org\springframework\boot\spring-boot-test-autoconfigure\1.4.0.RELEASE\spring-boot-test-autoconfigure-1.4.0.RELEASE.jar;C:\Users\nashenoy\.m2\repository\com\jayway\jsonpath\json-path\2.2.0\json-path-2.2.0.jar;C:\Users\nashenoy\.m2\repository\net\minidev\json-smart\2.2.1\json-smart-2.2.1.jar;C:\Users\nashenoy\.m2\repository\net\minidev\accessors-smart\1.1\accessors-smart-1.1.jar;C:\Users\nashenoy\.m2\repository\org\ow2\asm\asm\5.0.3\asm-5.0.3.jar;C:\Users\nashenoy\.m2\repository\org\assertj\assertj-core\2.5.0\assertj-core-2.5.0.jar;C:\Users\nashenoy\.m2\repository\org\mockito\mockito-core\1.10.19\mockito-core-1.10.19.jar;C:\Users\nashenoy\.m2\repository\org\objenesis\objenesis\2.1\objenesis-2.1.jar;C:\Users\nashenoy\.m2\repository\org\hamcrest\hamcrest-core\1.3\hamcrest-core-1.3.jar;C:\Users\nashenoy\.m2\repository\org\hamcrest\hamcrest-library\1.3\hamcrest-library-1.3.jar;C:\Users\nashenoy\.m2\repository\org\skyscreamer\jsonassert\1.3.0\jsonassert-1.3.0.jar;C:\Users\nashenoy\.m2\repository\org\json\json\20140107\json-20140107.jar;C:\Users\nashenoy\.m2\repository\org\springframework\spring-core\4.3.2.RELEASE\spring-core-4.3.2.RELEASE.jar;C:\Users\nashenoy\.m2\repository\org\springframework\spring-test\4.3.2.RELEASE\spring-test-4.3.2.RELEASE.jar;C:\Users\nashenoy\.m2\repository\junit\junit\4.11\junit-4.11.jar;"/>
    <property name="java.vm.vendor" value="Oracle Corporation"/>
    <property name="sun.arch.data.model" value="64"/>
    <property name="user.variant" value=""/>
    <property name="java.vendor.url" value="http://java.oracle.com/"/>
    <property name="user.timezone" value="America/Chicago"/>
    <property name="java.vm.specification.version" value="1.8"/>
    <property name="os.name" value="Windows 10"/>
    <property name="user.country" value="US"/>
    <property name="sun.java.launcher" value="SUN_STANDARD"/>
    <property name="sun.boot.library.path" value="C:\Program Files\Java\jdk1.8.0_201\jre\bin"/>
    <property name="sun.java.command" value="C:\Users\nashenoy\AppData\Local\Temp\surefire2990345706465440645\surefirebooter826348501111078206.jar C:\Users\nashenoy\AppData\Local\Temp\surefire2990345706465440645 2019-01-16T14-03-49_009-jvmRun1 surefire839535470032611805tmp surefire_08907780376106246769tmp"/>
    <property name="surefire.test.class.path" value="C:\Users\nashenoy\Projects\Spring Boot\trial-api\target\test-classes;C:\Users\nashenoy\Projects\Spring Boot\trial-api\target\classes;C:\Users\nashenoy\.m2\repository\org\springframework\boot\spring-boot-starter-web\1.4.0.RELEASE\spring-boot-starter-web-1.4.0.RELEASE.jar;C:\Users\nashenoy\.m2\repository\org\springframework\boot\spring-boot-starter\1.4.0.RELEASE\spring-boot-starter-1.4.0.RELEASE.jar;C:\Users\nashenoy\.m2\repository\org\springframework\boot\spring-boot\1.4.0.RELEASE\spring-boot-1.4.0.RELEASE.jar;C:\Users\nashenoy\.m2\repository\org\springframework\boot\spring-boot-autoconfigure\1.4.0.RELEASE\spring-boot-autoconfigure-1.4.0.RELEASE.jar;C:\Users\nashenoy\.m2\repository\org\springframework\boot\spring-boot-starter-logging\1.4.0.RELEASE\spring-boot-starter-logging-1.4.0.RELEASE.jar;C:\Users\nashenoy\.m2\repository\ch\qos\logback\logback-classic\1.1.7\logback-classic-1.1.7.jar;C:\Users\nashenoy\.m2\repository\ch\qos\logback\logback-core\1.1.7\logback-core-1.1.7.jar;C:\Users\nashenoy\.m2\repository\org\slf4j\jul-to-slf4j\1.7.21\jul-to-slf4j-1.7.21.jar;C:\Users\nashenoy\.m2\repository\org\slf4j\log4j-over-slf4j\1.7.21\log4j-over-slf4j-1.7.21.jar;C:\Users\nashenoy\.m2\repository\org\yaml\snakeyaml\1.17\snakeyaml-1.17.jar;C:\Users\nashenoy\.m2\repository\org\springframework\boot\spring-boot-starter-tomcat\1.4.0.RELEASE\spring-boot-starter-tomcat-1.4.0.RELEASE.jar;C:\Users\nashenoy\.m2\repository\org\apache\tomcat\embed\tomcat-embed-core\8.5.4\tomcat-embed-core-8.5.4.jar;C:\Users\nashenoy\.m2\repository\org\apache\tomcat\embed\tomcat-embed-el\8.5.4\tomcat-embed-el-8.5.4.jar;C:\Users\nashenoy\.m2\repository\org\apache\tomcat\embed\tomcat-embed-websocket\8.5.4\tomcat-embed-websocket-8.5.4.jar;C:\Users\nashenoy\.m2\repository\org\hibernate\hibernate-validator\5.2.4.Final\hibernate-validator-5.2.4.Final.jar;C:\Users\nashenoy\.m2\repository\javax\validation\validation-api\1.1.0.Final\validation-api-1.1.0.Final.jar;C:\Users\nashenoy\.m2\repository\org\jboss\logging\jboss-logging\3.3.0.Final\jboss-logging-3.3.0.Final.jar;C:\Users\nashenoy\.m2\repository\com\fasterxml\classmate\1.3.1\classmate-1.3.1.jar;C:\Users\nashenoy\.m2\repository\com\fasterxml\jackson\core\jackson-databind\2.8.1\jackson-databind-2.8.1.jar;C:\Users\nashenoy\.m2\repository\com\fasterxml\jackson\core\jackson-annotations\2.8.1\jackson-annotations-2.8.1.jar;C:\Users\nashenoy\.m2\repository\com\fasterxml\jackson\core\jackson-core\2.8.1\jackson-core-2.8.1.jar;C:\Users\nashenoy\.m2\repository\org\springframework\spring-web\4.3.2.RELEASE\spring-web-4.3.2.RELEASE.jar;C:\Users\nashenoy\.m2\repository\org\springframework\spring-aop\4.3.2.RELEASE\spring-aop-4.3.2.RELEASE.jar;C:\Users\nashenoy\.m2\repository\org\springframework\spring-beans\4.3.2.RELEASE\spring-beans-4.3.2.RELEASE.jar;C:\Users\nashenoy\.m2\repository\org\springframework\spring-context\4.3.2.RELEASE\spring-context-4.3.2.RELEASE.jar;C:\Users\nashenoy\.m2\repository\org\springframework\spring-webmvc\4.3.2.RELEASE\spring-webmvc-4.3.2.RELEASE.jar;C:\Users\nashenoy\.m2\repository\org\springframework\spring-expression\4.3.2.RELEASE\spring-expression-4.3.2.RELEASE.jar;C:\Users\nashenoy\.m2\repository\org\springframework\boot\spring-boot-starter-data-jpa\1.4.0.RELEASE\spring-boot-starter-data-jpa-1.4.0.RELEASE.jar;C:\Users\nashenoy\.m2\repository\org\springframework\boot\spring-boot-starter-aop\1.4.0.RELEASE\spring-boot-starter-aop-1.4.0.RELEASE.jar;C:\Users\nashenoy\.m2\repository\org\aspectj\aspectjweaver\1.8.9\aspectjweaver-1.8.9.jar;C:\Users\nashenoy\.m2\repository\org\springframework\boot\spring-boot-starter-jdbc\1.4.0.RELEASE\spring-boot-starter-jdbc-1.4.0.RELEASE.jar;C:\Users\nashenoy\.m2\repository\org\apache\tomcat\tomcat-jdbc\8.5.4\tomcat-jdbc-8.5.4.jar;C:\Users\nashenoy\.m2\repository\org\apache\tomcat\tomcat-juli\8.5.4\tomcat-juli-8.5.4.jar;C:\Users\nashenoy\.m2\repository\org\springframework\spring-jdbc\4.3.2.RELEASE\spring-jdbc-4.3.2.RELEASE.jar;C:\Users\nashenoy\.m2\repository\org\hibernate\hibernate-core\5.0.9.Final\hibernate-core-5.0.9.Final.jar;C:\Users\nashenoy\.m2\repository\org\hibernate\javax\persistence\hibernate-jpa-2.1-api\1.0.0.Final\hibernate-jpa-2.1-api-1.0.0.Final.jar;C:\Users\nashenoy\.m2\repository\org\javassist\javassist\3.20.0-GA\javassist-3.20.0-GA.jar;C:\Users\nashenoy\.m2\repository\antlr\antlr\2.7.7\antlr-2.7.7.jar;C:\Users\nashenoy\.m2\repository\org\jboss\jandex\2.0.0.Final\jandex-2.0.0.Final.jar;C:\Users\nashenoy\.m2\repository\dom4j\dom4j\1.6.1\dom4j-1.6.1.jar;C:\Users\nashenoy\.m2\repository\xml-apis\xml-apis\1.4.01\xml-apis-1.4.01.jar;C:\Users\nashenoy\.m2\repository\org\hibernate\common\hibernate-commons-annotations\5.0.1.Final\hibernate-commons-annotations-5.0.1.Final.jar;C:\Users\nashenoy\.m2\repository\org\hibernate\hibernate-entitymanager\5.0.9.Final\hibernate-entitymanager-5.0.9.Final.jar;C:\Users\nashenoy\.m2\repository\javax\transaction\javax.transaction-api\1.2\javax.transaction-api-1.2.jar;C:\Users\nashenoy\.m2\repository\org\springframework\data\spring-data-jpa\1.10.2.RELEASE\spring-data-jpa-1.10.2.RELEASE.jar;C:\Users\nashenoy\.m2\repository\org\springframework\data\spring-data-commons\1.12.2.RELEASE\spring-data-commons-1.12.2.RELEASE.jar;C:\Users\nashenoy\.m2\repository\org\springframework\spring-orm\4.3.2.RELEASE\spring-orm-4.3.2.RELEASE.jar;C:\Users\nashenoy\.m2\repository\org\springframework\spring-tx\4.3.2.RELEASE\spring-tx-4.3.2.RELEASE.jar;C:\Users\nashenoy\.m2\repository\org\slf4j\slf4j-api\1.7.21\slf4j-api-1.7.21.jar;C:\Users\nashenoy\.m2\repository\org\slf4j\jcl-over-slf4j\1.7.21\jcl-over-slf4j-1.7.21.jar;C:\Users\nashenoy\.m2\repository\org\springframework\spring-aspects\4.3.2.RELEASE\spring-aspects-4.3.2.RELEASE.jar;C:\Users\nashenoy\.m2\repository\org\apache\derby\derby\10.12.1.1\derby-10.12.1.1.jar;C:\Users\nashenoy\.m2\repository\org\springframework\boot\spring-boot-starter-test\1.4.0.RELEASE\spring-boot-starter-test-1.4.0.RELEASE.jar;C:\Users\nashenoy\.m2\repository\org\springframework\boot\spring-boot-test\1.4.0.RELEASE\spring-boot-test-1.4.0.RELEASE.jar;C:\Users\nashenoy\.m2\repository\org\springframework\boot\spring-boot-test-autoconfigure\1.4.0.RELEASE\spring-boot-test-autoconfigure-1.4.0.RELEASE.jar;C:\Users\nashenoy\.m2\repository\com\jayway\jsonpath\json-path\2.2.0\json-path-2.2.0.jar;C:\Users\nashenoy\.m2\repository\net\minidev\json-smart\2.2.1\json-smart-2.2.1.jar;C:\Users\nashenoy\.m2\repository\net\minidev\accessors-smart\1.1\accessors-smart-1.1.jar;C:\Users\nashenoy\.m2\repository\org\ow2\asm\asm\5.0.3\asm-5.0.3.jar;C:\Users\nashenoy\.m2\repository\org\assertj\assertj-core\2.5.0\assertj-core-2.5.0.jar;C:\Users\nashenoy\.m2\repository\org\mockito\mockito-core\1.10.19\mockito-core-1.10.19.jar;C:\Users\nashenoy\.m2\repository\org\objenesis\objenesis\2.1\objenesis-2.1.jar;C:\Users\nashenoy\.m2\repository\org\hamcrest\hamcrest-core\1.3\hamcrest-core-1.3.jar;C:\Users\nashenoy\.m2\repository\org\hamcrest\hamcrest-library\1.3\hamcrest-library-1.3.jar;C:\Users\nashenoy\.m2\repository\org\skyscreamer\jsonassert\1.3.0\jsonassert-1.3.0.jar;C:\Users\nashenoy\.m2\repository\org\json\json\20140107\json-20140107.jar;C:\Users\nashenoy\.m2\repository\org\springframework\spring-core\4.3.2.RELEASE\spring-core-4.3.2.RELEASE.jar;C:\Users\nashenoy\.m2\repository\org\springframework\spring-test\4.3.2.RELEASE\spring-test-4.3.2.RELEASE.jar;C:\Users\nashenoy\.m2\repository\junit\junit\4.11\junit-4.11.jar;"/>
    <property name="sun.cpu.endian" value="little"/>
    <property name="user.home" value="C:\Users\nashenoy"/>
    <property name="user.language" value="en"/>
    <property name="java.specification.vendor" value="Oracle Corporation"/>
    <property name="java.home" value="C:\Program Files\Java\jdk1.8.0_201\jre"/>
    <property name="basedir" value="C:\Users\nashenoy\Projects\Spring Boot\trial-api"/>
    <property name="file.separator" value="\"/>
    <property name="line.separator" value="&#10;"/>
    <property name="java.vm.specification.vendor" value="Oracle Corporation"/>
    <property name="java.specification.name" value="Java Platform API Specification"/>
    <property name="java.awt.graphicsenv" value="sun.awt.Win32GraphicsEnvironment"/>
    <property name="surefire.real.class.path" value="C:\Users\nashenoy\AppData\Local\Temp\surefire2990345706465440645\surefirebooter826348501111078206.jar"/>
    <property name="sun.boot.class.path" value="C:\Program Files\Java\jdk1.8.0_201\jre\lib\resources.jar;C:\Program Files\Java\jdk1.8.0_201\jre\lib\rt.jar;C:\Program Files\Java\jdk1.8.0_201\jre\lib\sunrsasign.jar;C:\Program Files\Java\jdk1.8.0_201\jre\lib\jsse.jar;C:\Program Files\Java\jdk1.8.0_201\jre\lib\jce.jar;C:\Program Files\Java\jdk1.8.0_201\jre\lib\charsets.jar;C:\Program Files\Java\jdk1.8.0_201\jre\lib\jfr.jar;C:\Program Files\Java\jdk1.8.0_201\jre\classes"/>
    <property name="user.script" value=""/>
    <property name="sun.management.compiler" value="HotSpot 64-Bit Tiered Compilers"/>
    <property name="java.runtime.version" value="1.8.0_201-b09"/>
    <property name="user.name" value="nashenoy"/>
    <property name="path.separator" value=";"/>
    <property name="os.version" value="10.0"/>
    <property name="java.endorsed.dirs" value="C:\Program Files\Java\jdk1.8.0_201\jre\lib\endorsed"/>
    <property name="java.runtime.name" value="Java(TM) SE Runtime Environment"/>
    <property name="file.encoding" value="Cp1252"/>
    <property name="java.vm.name" value="Java HotSpot(TM) 64-Bit Server VM"/>
    <property name="localRepository" value="C:\Users\nashenoy\.m2\repository"/>
    <property name="java.vendor.url.bug" value="http://bugreport.sun.com/bugreport/"/>
    <property name="java.io.tmpdir" value="C:\Users\nashenoy\AppData\Local\Temp\"/>
    <property name="java.version" value="1.8.0_201"/>
    <property name="user.dir" value="C:\Users\nashenoy\Projects\Spring Boot\trial-api"/>
    <property name="os.arch" value="amd64"/>
    <property name="java.vm.specification.name" value="Java Virtual Machine Specification"/>
    <property name="java.awt.printerjob" value="sun.awt.windows.WPrinterJob"/>
    <property name="sun.os.patch.level" value=""/>
    <property name="java.library.path" value="C:\Program Files\Java\jdk1.8.0_201\jre\bin;C:\windows\Sun\Java\bin;C:\windows\system32;C:\windows;C:\Program Files (x86)\Common Files\Oracle\Java\javapath;C:\ProgramData\DockerDesktop\version-bin;C:\Program Files\Docker\Docker\Resources\bin;C:\windows\system32;C:\windows;C:\windows\System32\Wbem;C:\windows\System32\WindowsPowerShell\v1.0\;C:\windows\System32\OpenSSH\;C:\Program Files\Intel\WiFi\bin\;C:\Program Files\Common Files\Intel\WirelessCommon\;C:\Program Files (x86)\Sennheiser\SoftphoneSDK\;C:\Program Files\Git\cmd;C:\ProgramData\chocolatey\bin;C:\Program Files\nodejs\;C:\HashiCorp\Vagrant\bin;C:\Users\nashenoy\AppData\Local\Microsoft\WindowsApps;C:\Users\nashenoy\AppData\Local\Programs\Microsoft VS Code\bin;C:\Users\nashenoy\AppData\Roaming\npm;C:\Program Files\apache-maven-3.6.0\bin;;."/>
    <property name="java.vm.info" value="mixed mode"/>
    <property name="java.vendor" value="Oracle Corporation"/>
    <property name="java.vm.version" value="25.201-b09"/>
    <property name="java.ext.dirs" value="C:\Program Files\Java\jdk1.8.0_201\jre\lib\ext;C:\windows\Sun\Java\lib\ext"/>
    <property name="sun.io.unicode.encoding" value="UnicodeLittle"/>
    <property name="java.class.version" value="52.0"/>
  </properties>
  <testcase name="shouldAnswerWithTrue" classname="com.nshenoy.springboot.AppTest" time="0.002"/>
</testsuite>